
8월 17, 2022 09:53:40.656 NEW SESSION
8월 17, 2022 09:53:40.656 [1476:13692:0817/095340.654:ERROR:device_event_log_impl.cc(214)] [09:53:40.655] Bluetooth: bluetooth_adapter_winrt.cc:1074 Getting Default Adapter failed.
8월 17, 2022 09:54:38.371 [1476:10368:0817/095438.370:ERROR:util.cc(127)] Can't create base directory: C:\Program Files\Google\GoogleUpdater
8월 17, 2022 10:08:09.960 [10380:6380:0817/100809.959:ERROR:device_event_log_impl.cc(214)] [10:08:09.959] Bluetooth: bluetooth_adapter_winrt.cc:1074 Getting Default Adapter failed.
8월 17, 2022 10:09:07.649 [10380:7528:0817/100907.649:ERROR:util.cc(127)] Can't create base directory: C:\Program Files\Google\GoogleUpdater
8월 17, 2022 15:09:07.669 [10380:13720:0817/150907.667:ERROR:util.cc(127)] Can't create base directory: C:\Program Files\Google\GoogleUpdater
8월 17, 2022 20:09:07.681 [10380:3572:0817/200907.680:ERROR:util.cc(127)] Can't create base directory: C:\Program Files\Google\GoogleUpdater

8월 18, 2022 11:31:20.498 NEW SESSION
8월 18, 2022 11:31:20.498 [12556:2216:0818/113120.497:ERROR:device_event_log_impl.cc(214)] [11:31:20.496] Bluetooth: bluetooth_adapter_winrt.cc:1074 Getting Default Adapter failed.
8월 18, 2022 11:32:16.787 [12556:14468:0818/113216.786:ERROR:util.cc(127)] Can't create base directory: C:\Program Files\Google\GoogleUpdater
8월 18, 2022 12:18:06.465 [10912:1164:0818/121806.465:ERROR:device_event_log_impl.cc(214)] [12:18:06.465] Bluetooth: bluetooth_adapter_winrt.cc:1074 Getting Default Adapter failed.
8월 18, 2022 12:19:04.343 [10912:10328:0818/121904.343:ERROR:util.cc(127)] Can't create base directory: C:\Program Files\Google\GoogleUpdater
8월 18, 2022 17:19:04.356 [10912:10808:0818/171904.353:ERROR:util.cc(127)] Can't create base directory: C:\Program Files\Google\GoogleUpdater

8월 19, 2022 14:48:36.200 NEW SESSION
8월 19, 2022 14:48:36.200 [6896:4344:0819/144836.199:ERROR:device_event_log_impl.cc(214)] [14:48:36.200] Bluetooth: bluetooth_adapter_winrt.cc:1074 Getting Default Adapter failed.
8월 19, 2022 14:48:58.251 [13348:2240:0819/144858.251:ERROR:device_event_log_impl.cc(214)] [14:48:58.250] Bluetooth: bluetooth_adapter_winrt.cc:1074 Getting Default Adapter failed.
8월 19, 2022 14:49:24.307 [12136:11088:0819/144924.307:ERROR:device_event_log_impl.cc(214)] [14:49:24.307] Bluetooth: bluetooth_adapter_winrt.cc:1074 Getting Default Adapter failed.
8월 19, 2022 14:50:22.20 [12136:8228:0819/145022.019:ERROR:util.cc(127)] Can't create base directory: C:\Program Files\Google\GoogleUpdater

8월 22, 2022 09:19:56.910 NEW SESSION
8월 22, 2022 09:19:56.910 [9164:14980:0822/091956.910:ERROR:device_event_log_impl.cc(214)] [09:19:56.917] Bluetooth: bluetooth_adapter_winrt.cc:1074 Getting Default Adapter failed.
8월 22, 2022 09:20:50.653 [9164:11632:0822/092050.652:ERROR:util.cc(127)] Can't create base directory: C:\Program Files\Google\GoogleUpdater

8월 22, 2022 09:31:56.177 NEW SESSION
8월 22, 2022 09:31:56.177 [11052:5308:0822/093156.176:ERROR:device_event_log_impl.cc(214)] [09:31:56.175] Bluetooth: bluetooth_adapter_winrt.cc:1074 Getting Default Adapter failed.
8월 22, 2022 09:32:51.780 [11052:11360:0822/093251.779:ERROR:util.cc(127)] Can't create base directory: C:\Program Files\Google\GoogleUpdater
8월 22, 2022 09:42:06.883 [14800:4840:0822/094206.882:ERROR:device_event_log_impl.cc(214)] [09:42:06.881] Bluetooth: bluetooth_adapter_winrt.cc:1074 Getting Default Adapter failed.
8월 22, 2022 09:42:29.291 [7104:9768:0822/094229.291:ERROR:device_event_log_impl.cc(214)] [09:42:29.291] Bluetooth: bluetooth_adapter_winrt.cc:1074 Getting Default Adapter failed.
8월 22, 2022 09:44:12.24 [5384:13136:0822/094412.023:ERROR:device_event_log_impl.cc(214)] [09:44:12.023] Bluetooth: bluetooth_adapter_winrt.cc:1074 Getting Default Adapter failed.
8월 22, 2022 09:45:07.656 [5384:14236:0822/094507.655:ERROR:util.cc(127)] Can't create base directory: C:\Program Files\Google\GoogleUpdater
8월 22, 2022 09:45:57.719 [8444:12512:0822/094557.718:ERROR:device_event_log_impl.cc(214)] [09:45:57.718] Bluetooth: bluetooth_adapter_winrt.cc:1074 Getting Default Adapter failed.
8월 22, 2022 09:46:06.803 [1784:8568:0822/094606.803:ERROR:device_event_log_impl.cc(214)] [09:46:06.802] Bluetooth: bluetooth_adapter_winrt.cc:1074 Getting Default Adapter failed.
8월 22, 2022 09:47:01.907 [1784:12352:0822/094701.907:ERROR:util.cc(127)] Can't create base directory: C:\Program Files\Google\GoogleUpdater
8월 22, 2022 10:01:53.412 [10256:15204:0822/100153.411:ERROR:device_event_log_impl.cc(214)] [10:01:53.411] Bluetooth: bluetooth_adapter_winrt.cc:1074 Getting Default Adapter failed.
8월 22, 2022 10:02:49.85 [10256:752:0822/100249.084:ERROR:util.cc(127)] Can't create base directory: C:\Program Files\Google\GoogleUpdater
8월 22, 2022 15:02:47.755 [10256:5832:0822/150247.753:ERROR:util.cc(127)] Can't create base directory: C:\Program Files\Google\GoogleUpdater
8월 22, 2022 18:18:07.42 [10256:15204:0822/181807.041:ERROR:interface_endpoint_client.cc(665)] Message 5 rejected by interface blink.mojom.WidgetHost

8월 23, 2022 10:48:36.651 NEW SESSION
8월 23, 2022 10:48:36.652 [13288:9992:0823/104836.650:ERROR:device_event_log_impl.cc(214)] [10:48:36.650] Bluetooth: bluetooth_adapter_winrt.cc:1074 Getting Default Adapter failed.
8월 23, 2022 10:49:33.121 [13288:13488:0823/104933.120:ERROR:util.cc(127)] Can't create base directory: C:\Program Files\Google\GoogleUpdater
8월 23, 2022 15:49:33.132 [13288:9480:0823/154933.128:ERROR:util.cc(127)] Can't create base directory: C:\Program Files\Google\GoogleUpdater

8월 24, 2022 09:50:04.905 NEW SESSION
8월 24, 2022 09:50:04.905 [6328:12824:0824/095004.904:ERROR:device_event_log_impl.cc(214)] [09:50:04.904] Bluetooth: bluetooth_adapter_winrt.cc:1074 Getting Default Adapter failed.
8월 24, 2022 10:16:52.845 [12388:9296:0824/101652.845:ERROR:device_event_log_impl.cc(214)] [10:16:52.845] Bluetooth: bluetooth_adapter_winrt.cc:1074 Getting Default Adapter failed.
8월 24, 2022 10:17:50.338 [1212:12332:0824/101750.337:ERROR:device_event_log_impl.cc(214)] [10:17:50.337] Bluetooth: bluetooth_adapter_winrt.cc:1074 Getting Default Adapter failed.
8월 24, 2022 10:18:26.653 [4028:8796:0824/101826.653:ERROR:device_event_log_impl.cc(214)] [10:18:26.653] Bluetooth: bluetooth_adapter_winrt.cc:1074 Getting Default Adapter failed.
8월 24, 2022 10:19:24.499 [4028:1156:0824/101924.499:ERROR:util.cc(127)] Can't create base directory: C:\Program Files\Google\GoogleUpdater
8월 24, 2022 10:22:28.48 [11604:7120:0824/102228.048:ERROR:device_event_log_impl.cc(214)] [10:22:28.048] Bluetooth: bluetooth_adapter_winrt.cc:1074 Getting Default Adapter failed.
8월 24, 2022 10:23:25.919 [11604:14900:0824/102325.918:ERROR:util.cc(127)] Can't create base directory: C:\Program Files\Google\GoogleUpdater
8월 24, 2022 11:05:23.458 [404:11072:0824/110523.457:ERROR:device_event_log_impl.cc(214)] [11:05:23.456] Bluetooth: bluetooth_adapter_winrt.cc:1074 Getting Default Adapter failed.
8월 24, 2022 11:05:32.186 [13672:2212:0824/110532.185:ERROR:device_event_log_impl.cc(214)] [11:05:32.185] Bluetooth: bluetooth_adapter_winrt.cc:1074 Getting Default Adapter failed.
8월 24, 2022 11:06:28.994 [13672:6124:0824/110628.993:ERROR:util.cc(127)] Can't create base directory: C:\Program Files\Google\GoogleUpdater
8월 24, 2022 15:08:15.797 [13708:2784:0824/150815.797:ERROR:device_event_log_impl.cc(214)] [15:08:15.797] Bluetooth: bluetooth_adapter_winrt.cc:1074 Getting Default Adapter failed.
8월 24, 2022 15:09:10.95 [13708:13504:0824/150910.095:ERROR:util.cc(127)] Can't create base directory: C:\Program Files\Google\GoogleUpdater
8월 24, 2022 20:09:10.110 [13708:13504:0824/200910.110:ERROR:util.cc(127)] Can't create base directory: C:\Program Files\Google\GoogleUpdater
8월 24, 2022 20:33:20.556 [8408:1572:0824/203320.555:ERROR:device_event_log_impl.cc(214)] [20:33:20.556] Bluetooth: bluetooth_adapter_winrt.cc:1074 Getting Default Adapter failed.
8월 24, 2022 20:33:34.196 [10260:12936:0824/203334.195:ERROR:device_event_log_impl.cc(214)] [20:33:34.195] Bluetooth: bluetooth_adapter_winrt.cc:1074 Getting Default Adapter failed.
8월 24, 2022 20:34:32.11 [10260:1000:0824/203432.010:ERROR:util.cc(127)] Can't create base directory: C:\Program Files\Google\GoogleUpdater
8월 24, 2022 20:52:56.437 [10260:392:0824/205256.437:ERROR:connection_factory_impl.cc(425)] Failed to connect to MCS endpoint with error -105

8월 25, 2022 09:16:04.30 NEW SESSION
8월 25, 2022 09:16:04.30 [2512:5656:0825/091604.029:ERROR:device_event_log_impl.cc(214)] [09:16:04.029] Bluetooth: bluetooth_adapter_winrt.cc:1074 Getting Default Adapter failed.
8월 25, 2022 09:17:01.658 [2512:1796:0825/091701.657:ERROR:util.cc(127)] Can't create base directory: C:\Program Files\Google\GoogleUpdater
8월 25, 2022 09:19:35.929 [13332:3760:0825/091935.928:ERROR:device_event_log_impl.cc(214)] [09:19:35.928] Bluetooth: bluetooth_adapter_winrt.cc:1074 Getting Default Adapter failed.
8월 25, 2022 09:20:33.697 [13332:9192:0825/092033.696:ERROR:util.cc(127)] Can't create base directory: C:\Program Files\Google\GoogleUpdater
8월 25, 2022 14:20:33.699 [13332:11332:0825/142033.697:ERROR:util.cc(127)] Can't create base directory: C:\Program Files\Google\GoogleUpdater
8월 25, 2022 18:36:18.798 [5948:14176:0825/183618.798:ERROR:device_event_log_impl.cc(214)] [18:36:18.798] Bluetooth: bluetooth_adapter_winrt.cc:1074 Getting Default Adapter failed.
8월 25, 2022 18:37:16.410 [5948:10956:0825/183716.409:ERROR:util.cc(127)] Can't create base directory: C:\Program Files\Google\GoogleUpdater

8월 25, 2022 18:44:30.867 NEW SESSION
8월 25, 2022 18:44:30.867 [3956:13420:0825/184430.866:ERROR:device_event_log_impl.cc(214)] [18:44:30.866] Bluetooth: bluetooth_adapter_winrt.cc:1074 Getting Default Adapter failed.

8월 25, 2022 18:51:26.779 NEW SESSION
8월 25, 2022 18:51:26.779 [2036:1712:0825/185126.778:ERROR:device_event_log_impl.cc(214)] [18:51:26.778] Bluetooth: bluetooth_adapter_winrt.cc:1074 Getting Default Adapter failed.
8월 25, 2022 18:52:23.684 [2036:11440:0825/185223.683:ERROR:util.cc(127)] Can't create base directory: C:\Program Files\Google\GoogleUpdater
8월 25, 2022 19:09:41.685 [11608:6148:0825/190941.685:ERROR:device_event_log_impl.cc(214)] [19:09:41.684] Bluetooth: bluetooth_adapter_winrt.cc:1074 Getting Default Adapter failed.
8월 25, 2022 19:10:39.418 [11608:1180:0825/191039.417:ERROR:util.cc(127)] Can't create base directory: C:\Program Files\Google\GoogleUpdater
